<?xml version="1.0" encoding="UTF-8" ?>
<testsuite failures="0" time="0.018" errors="1" skipped="0" tests="1" name="jpa.test.maillist.EmailBroadcastTest">
  <properties>
[...]
</properties>
  <testcase time="0.014" classname="jpa.test.maillist.EmailBroadcastTest" name="testEmailBroadcastService">
    <error message="An exception occurred while creating a query in EntityManager: 
Exception Description: Problem compiling [select t from BroadcastTracking t, BroadcastMessage bd  where bd=t.broadcastData and bd.rowId=:rowId ]. 
[66, 81] The state field path &apos;t.broadcastData&apos; cannot be resolved to a valid type." type="java.lang.IllegalArgumentException">java.lang.IllegalArgumentException: An exception occurred while creating a query in EntityManager: 
Exception Description: Problem compiling [select t from BroadcastTracking t, BroadcastMessage bd  where bd=t.broadcastData and bd.rowId=:rowId ]. 
[66, 81] The state field path &apos;t.broadcastData&apos; cannot be resolved to a valid type.
	at org.eclipse.persistence.internal.jpa.EntityManagerImpl.createQuery(EntityManagerImpl.java:1616)
	at sun.reflect.GeneratedMethodAccessor30.invoke(Unknown Source)
	at sun.reflect.DelegatingMethodAccessorImpl.invoke(DelegatingMethodAccessorImpl.java:43)
	at java.lang.reflect.Method.invoke(Method.java:606)
	at org.springframework.orm.jpa.SharedEntityManagerCreator$SharedEntityManagerInvocationHandler.invoke(SharedEntityManagerCreator.java:241)
	at com.sun.proxy.$Proxy17.createQuery(Unknown Source)
	at jpa.service.maillist.BroadcastTrackingService.getByBroadcastDataRowId(BroadcastTrackingService.java:70)
	at jpa.service.maillist.BroadcastTrackingService$$FastClassByCGLIB$$d2be46ca.invoke(&lt;generated&gt;)
	at org.springframework.cglib.proxy.MethodProxy.invoke(MethodProxy.java:204)
	at org.springframework.aop.framework.CglibAopProxy$CglibMethodInvocation.invokeJoinpoint(CglibAopProxy.java:698)
	at org.springframework.aop.framework.ReflectiveMethodInvocation.proceed(ReflectiveMethodInvocation.java:150)
	at org.springframework.transaction.interceptor.TransactionInterceptor$1.proceedWithInvocation(TransactionInterceptor.java:96)
	at org.springframework.transaction.interceptor.TransactionAspectSupport.invokeWithinTransaction(TransactionAspectSupport.java:260)
	at org.springframework.transaction.interceptor.TransactionInterceptor.invoke(TransactionInterceptor.java:94)
	at org.springframework.aop.framework.ReflectiveMethodInvocation.proceed(ReflectiveMethodInvocation.java:172)
	at org.springframework.aop.interceptor.ExposeInvocationInterceptor.invoke(ExposeInvocationInterceptor.java:91)
	at org.springframework.aop.framework.ReflectiveMethodInvocation.proceed(ReflectiveMethodInvocation.java:172)
	at org.springframework.aop.framework.CglibAopProxy$DynamicAdvisedInterceptor.intercept(CglibAopProxy.java:631)
	at jpa.service.maillist.BroadcastTrackingService$$EnhancerByCGLIB$$e8300e68.getByBroadcastDataRowId(&lt;generated&gt;)
	at jpa.test.maillist.EmailBroadcastTest.testEmailBroadcastService(EmailBroadcastTest.java:55)
	at sun.reflect.NativeMethodAccessorImpl.invoke0(Native Method)
	at sun.reflect.NativeMethodAccessorImpl.invoke(NativeMethodAccessorImpl.java:57)
	at sun.reflect.DelegatingMethodAccessorImpl.invoke(DelegatingMethodAccessorImpl.java:43)
	at java.lang.reflect.Method.invoke(Method.java:606)
	at org.junit.runners.model.FrameworkMethod$1.runReflectiveCall(FrameworkMethod.java:45)
	at org.junit.internal.runners.model.ReflectiveCallable.run(ReflectiveCallable.java:15)
	at org.junit.runners.model.FrameworkMethod.invokeExplosively(FrameworkMethod.java:42)
	at org.junit.internal.runners.statements.InvokeMethod.evaluate(InvokeMethod.java:20)
	at org.springframework.test.context.junit4.statements.RunBeforeTestMethodCallbacks.evaluate(RunBeforeTestMethodCallbacks.java:74)
	at org.springframework.test.context.junit4.statements.RunAfterTestMethodCallbacks.evaluate(RunAfterTestMethodCallbacks.java:83)
	at org.springframework.test.context.junit4.statements.SpringRepeat.evaluate(SpringRepeat.java:72)
	at org.springframework.test.context.junit4.SpringJUnit4ClassRunner.runChild(SpringJUnit4ClassRunner.java:231)
	at org.springframework.test.context.junit4.SpringJUnit4ClassRunner.runChild(SpringJUnit4ClassRunner.java:88)
	at org.junit.runners.ParentRunner$3.run(ParentRunner.java:231)
	at org.junit.runners.ParentRunner$1.schedule(ParentRunner.java:60)
	at org.junit.runners.ParentRunner.runChildren(ParentRunner.java:229)
	at org.junit.runners.ParentRunner.access$000(ParentRunner.java:50)
	at org.junit.runners.ParentRunner$2.evaluate(ParentRunner.java:222)
	at org.junit.internal.runners.statements.RunBefores.evaluate(RunBefores.java:28)
	at org.springframework.test.context.junit4.statements.RunBeforeTestClassCallbacks.evaluate(RunBeforeTestClassCallbacks.java:61)
	at org.springframework.test.context.junit4.statements.RunAfterTestClassCallbacks.evaluate(RunAfterTestClassCallbacks.java:71)
	at org.junit.runners.ParentRunner.run(ParentRunner.java:300)
	at org.springframework.test.context.junit4.SpringJUnit4ClassRunner.run(SpringJUnit4ClassRunner.java:174)
	at org.apache.maven.surefire.junit4.JUnit4TestSet.execute(JUnit4TestSet.java:53)
	at org.apache.maven.surefire.junit4.JUnit4Provider.executeTestSet(JUnit4Provider.java:123)
	at org.apache.maven.surefire.junit4.JUnit4Provider.invoke(JUnit4Provider.java:104)
	at sun.reflect.NativeMethodAccessorImpl.invoke0(Native Method)
	at sun.reflect.NativeMethodAccessorImpl.invoke(NativeMethodAccessorImpl.java:57)
	at sun.reflect.DelegatingMethodAccessorImpl.invoke(DelegatingMethodAccessorImpl.java:43)
	at java.lang.reflect.Method.invoke(Method.java:606)
	at org.apache.maven.surefire.util.ReflectionUtils.invokeMethodWithArray(ReflectionUtils.java:164)
	at org.apache.maven.surefire.booter.ProviderFactory$ProviderProxy.invoke(ProviderFactory.java:110)
	at org.apache.maven.surefire.booter.SurefireStarter.invokeProvider(SurefireStarter.java:175)
	at org.apache.maven.surefire.booter.SurefireStarter.runSuitesInProcessWhenForked(SurefireStarter.java:107)
	at org.apache.maven.surefire.booter.ForkedBooter.main(ForkedBooter.java:68)
Caused by: Exception [EclipseLink-0] (Eclipse Persistence Services - 2.6.0.v20150309-bf26070): org.eclipse.persistence.exceptions.JPQLException
Exception Description: Problem compiling [select t from BroadcastTracking t, BroadcastMessage bd  where bd=t.broadcastData and bd.rowId=:rowId ]. 
[66, 81] The state field path &apos;t.broadcastData&apos; cannot be resolved to a valid type.
	at org.eclipse.persistence.internal.jpa.jpql.HermesParser.buildException(HermesParser.java:155)
	at org.eclipse.persistence.internal.jpa.jpql.HermesParser.validate(HermesParser.java:347)
	at org.eclipse.persistence.internal.jpa.jpql.HermesParser.populateQueryImp(HermesParser.java:278)
	at org.eclipse.persistence.internal.jpa.jpql.HermesParser.buildQuery(HermesParser.java:163)
	at org.eclipse.persistence.internal.jpa.EJBQueryImpl.buildEJBQLDatabaseQuery(EJBQueryImpl.java:142)
	at org.eclipse.persistence.internal.jpa.EJBQueryImpl.buildEJBQLDatabaseQuery(EJBQueryImpl.java:116)
	at org.eclipse.persistence.internal.jpa.EJBQueryImpl.&lt;init&gt;(EJBQueryImpl.java:102)
	at org.eclipse.persistence.internal.jpa.EJBQueryImpl.&lt;init&gt;(EJBQueryImpl.java:86)
	at org.eclipse.persistence.internal.jpa.EntityManagerImpl.createQuery(EntityManagerImpl.java:1614)
	... 54 more
</error>
    <system-out>[2015-04-26 11:23:59,030] [DEBUG,org.springframework.orm.jpa.JpaTransactionManager:366] Creating new transaction with name [testEmailBroadcastService]: PROPAGATION_REQUIRED,ISOLATION_DEFAULT; &apos;&apos;
[2015-04-26 11:23:59,030] [DEBUG,org.springframework.orm.jpa.JpaTransactionManager:369] Opened new EntityManager [org.eclipse.persistence.internal.jpa.EntityManagerImpl@f3c140] for JPA transaction
[2015-04-26 11:23:59,034] [DEBUG,org.springframework.orm.jpa.JpaTransactionManager:401] Exposing JPA transaction as JDBC transaction [SimpleConnectionHandle: com.mysql.jdbc.JDBC4Connection@32dec9]
[2015-04-26 11:23:59,034] [INFO,org.springframework.test.context.transaction.TransactionalTestExecutionListener:279] Began transaction (1): transaction manager [org.springframework.orm.jpa.JpaTransactionManager@1f1f461]; rollback [true]
[2015-04-26 11:23:59,034] [DEBUG,org.springframework.orm.jpa.JpaTransactionManager:332] Found thread-bound EntityManager [org.eclipse.persistence.internal.jpa.EntityManagerImpl@f3c140] for JPA transaction
[2015-04-26 11:23:59,035] [DEBUG,org.springframework.orm.jpa.JpaTransactionManager:471] Participating in existing transaction
[2015-04-26 11:23:59,044] [DEBUG,org.springframework.orm.jpa.JpaTransactionManager:332] Found thread-bound EntityManager [org.eclipse.persistence.internal.jpa.EntityManagerImpl@f3c140] for JPA transaction
[2015-04-26 11:23:59,045] [DEBUG,org.springframework.orm.jpa.JpaTransactionManager:471] Participating in existing transaction
[2015-04-26 11:23:59,046] [DEBUG,org.springframework.orm.jpa.JpaTransactionManager:851] Participating transaction failed - marking existing transaction as rollback-only
[2015-04-26 11:23:59,046] [DEBUG,org.springframework.orm.jpa.JpaTransactionManager:559] Setting JPA transaction on EntityManager [org.eclipse.persistence.internal.jpa.EntityManagerImpl@f3c140] rollback-only
[2015-04-26 11:23:59,046] [DEBUG,org.springframework.orm.jpa.JpaTransactionManager:844] Initiating transaction rollback
[2015-04-26 11:23:59,046] [DEBUG,org.springframework.orm.jpa.JpaTransactionManager:534] Rolling back JPA transaction on EntityManager [org.eclipse.persistence.internal.jpa.EntityManagerImpl@f3c140]
[2015-04-26 11:23:59,047] [DEBUG,org.springframework.orm.jpa.JpaTransactionManager:594] Closing JPA EntityManager [org.eclipse.persistence.internal.jpa.EntityManagerImpl@f3c140] after transaction
[2015-04-26 11:23:59,047] [DEBUG,org.springframework.orm.jpa.EntityManagerFactoryUtils:338] Closing JPA EntityManager
[2015-04-26 11:23:59,047] [INFO,org.springframework.test.context.transaction.TransactionalTestExecutionListener:299] Rolled back transaction after test execution for test context [TestContext@10b433a testClass = EmailBroadcastTest, testInstance = jpa.test.maillist.EmailBroadcastTest@6a9fa1, testMethod = testEmailBroadcastService@EmailBroadcastTest, testException = java.lang.IllegalArgumentException: An exception occurred while creating a query in EntityManager: 
Exception Description: Problem compiling [select t from BroadcastTracking t, BroadcastMessage bd  where bd=t.broadcastData and bd.rowId=:rowId ]. 
[66, 81] The state field path &apos;t.broadcastData&apos; cannot be resolved to a valid type., mergedContextConfiguration = [MergedContextConfiguration@160e86 testClass = EmailBroadcastTest, locations = &apos;{classpath:/spring-jpa-config.xml}&apos;, classes = &apos;{}&apos;, contextInitializerClasses = &apos;[]&apos;, activeProfiles = &apos;{}&apos;, contextLoader = &apos;org.springframework.test.context.support.DelegatingSmartContextLoader&apos;, parent = [null]]]
</system-out>
  </testcase>
</testsuite>